<html>
<head>
<title>TestNG:  Test</title>
<link href="../testng.css" rel="stylesheet" type="text/css" />
<link href="../my-testng.css" rel="stylesheet" type="text/css" />

<style type="text/css">
.log { display: none;} 
.stack-trace { display: none;} 
</style>
<script type="text/javascript">
<!--
function flip(e) {
  current = e.style.display;
  if (current == 'block') {
    e.style.display = 'none';
    return 0;
  }
  else {
    e.style.display = 'block';
    return 1;
  }
}

function toggleBox(szDivId, elem, msg1, msg2)
{
  var res = -1;  if (document.getElementById) {
    res = flip(document.getElementById(szDivId));
  }
  else if (document.all) {
    // this is the way old msie versions work
    res = flip(document.all[szDivId]);
  }
  if(elem) {
    if(res == 0) elem.innerHTML = msg1; else elem.innerHTML = msg2;
  }

}

function toggleAllBoxes() {
  if (document.getElementsByTagName) {
    d = document.getElementsByTagName('div');
    for (i = 0; i < d.length; i++) {
      if (d[i].className == 'log') {
        flip(d[i]);
      }
    }
  }
}

// -->
</script>

</head>
<body>
<h2 align='center'>Test</h2><table border='1' align="center">
<tr>
<td>Tests passed/Failed/Skipped:</td><td>13/2/0</td>
</tr><tr>
<td>Started on:</td><td>Fri Aug 30 18:00:13 IST 2024</td>
</tr>
<tr><td>Total time:</td><td>472 seconds (472917 ms)</td>
</tr><tr>
<td>Included groups:</td><td></td>
</tr><tr>
<td>Excluded groups:</td><td></td>
</tr>
</table><p/>
<small><i>(Hover the method name to see the test class name)</i></small><p/>
<table width='100%' border='1' class='invocation-failed'>
<tr><td colspan='4' align='center'><b>FAILED TESTS</b></td></tr>
<tr><td><b>Test method</b></td>
<td width="30%"><b>Exception</b></td>
<td width="10%"><b>Time (seconds)</b></td>
<td><b>Instance</b></td>
</tr>
<tr>
<td title='Amazon_Project_01.Checkout_process_Testcase.remove_item_from_cart()'><b>remove_item_from_cart</b><br>Test class: Amazon_Project_01.Checkout_process_Testcase<br/>
<a href="#Output-653337757" onClick='toggleBox("Output-653337757", this, "Show output", "Hide output");'>Show output</a>

<a href="#Output-653337757" onClick="toggleAllBoxes();">Show all outputs</a>
<div class='log' id="Output-653337757">
Test case Is Fail<br/>
</div>
</td>
<td><div><pre>org.openqa.selenium.NoSuchElementException: no such element: Unable to locate element: {&quot;method&quot;:&quot;css selector&quot;,&quot;selector&quot;:&quot;*[name=&apos;placeYourOrder1&apos;]&quot;}
  (Session info: chrome=128.0.6613.113)
For documentation on this error, please visit: https://www.selenium.dev/documentation/webdriver/troubleshooting/errors#no-such-element-exception
Build info: version: &apos;4.22.0&apos;, revision: &apos;c5f3146703&apos;
System info: os.name: &apos;Windows 11&apos;, os.arch: &apos;amd64&apos;, os.version: &apos;10.0&apos;, java.version: &apos;17.0.9&apos;
Driver info: org.openqa.selenium.chrome.ChromeDriver
Command: [dba9fe4fa2ee3120a7655ac5e91ed0c0, findElement {value=placeYourOrder1, using=name}]
Capabilities {acceptInsecureCerts: false, browserName: chrome, browserVersion: 128.0.6613.113, chrome: {chromedriverVersion: 128.0.6613.86 (3045ed680fda..., userDataDir: C:\Users\hp\AppData\Local\T...}, fedcm:accounts: true, goog:chromeOptions: {debuggerAddress: localhost:58193}, networkConnectionEnabled: false, pageLoadStrategy: normal, platformName: windows, proxy: Proxy(), se:cdp: ws://localhost:58193/devtoo..., se:cdpVersion: 128.0.6613.113, setWindowRect: true, strictFileInteractability: false, timeouts: {implicit: 0, pageLoad: 300000, script: 30000}, unhandledPromptBehavior: dismiss and notify, webauthn:extension:credBlob: true, webauthn:extension:largeBlob: true, webauthn:extension:minPinLength: true, webauthn:extension:prf: true, webauthn:virtualAuthenticators: true}
Session ID: dba9fe4fa2ee3120a7655ac5e91ed0c0
	at org.openqa.selenium.remote.ErrorCodec.decode(ErrorCodec.java:167)
	at org.openqa.selenium.remote.codec.w3c.W3CHttpResponseCodec.decode(W3CHttpResponseCodec.java:138)
	at org.openqa.selenium.remote.codec.w3c.W3CHttpResponseCodec.decode(W3CHttpResponseCodec.java:50)
	at org.openqa.selenium.remote.HttpCommandExecutor.execute(HttpCommandExecutor.java:190)
	at org.openqa.selenium.remote.service.DriverCommandExecutor.invokeExecute(DriverCommandExecutor.java:216)
	at org.openqa.selenium.remote.service.DriverCommandExecutor.execute(DriverCommandExecutor.java:174)
	at org.openqa.selenium.remote.RemoteWebDriver.execute(RemoteWebDriver.java:518)
	at org.openqa.selenium.remote.ElementLocation$ElementFinder$2.findElement(ElementLocation.java:165)
	at org.openqa.selenium.remote.ElementLocation.findElement(ElementLocation.java:59)
	at org.openqa.selenium.remote.RemoteWebDriver.findElement(RemoteWebDriver.java:355)
	at org.openqa.selenium.remote.RemoteWebDriver.findElement(RemoteWebDriver.java:349)
	at Amazon_Project_01.Checkout_process_Testcase.remove_item_from_cart(Checkout_process_Testcase.java:67)
	at java.base/java.util.ArrayList.forEach(ArrayList.java:1511)
... Removed 32 stack frames</pre></div><a href='#' onClick='toggleBox("stack-trace653337757", this, "Click to show all stack frames", "Click to hide stack frames")'>Click to show all stack frames</a>
<div class='stack-trace' id='stack-trace653337757'><pre>org.openqa.selenium.NoSuchElementException: no such element: Unable to locate element: {&quot;method&quot;:&quot;css selector&quot;,&quot;selector&quot;:&quot;*[name=&apos;placeYourOrder1&apos;]&quot;}
  (Session info: chrome=128.0.6613.113)
For documentation on this error, please visit: https://www.selenium.dev/documentation/webdriver/troubleshooting/errors#no-such-element-exception
Build info: version: &apos;4.22.0&apos;, revision: &apos;c5f3146703&apos;
System info: os.name: &apos;Windows 11&apos;, os.arch: &apos;amd64&apos;, os.version: &apos;10.0&apos;, java.version: &apos;17.0.9&apos;
Driver info: org.openqa.selenium.chrome.ChromeDriver
Command: [dba9fe4fa2ee3120a7655ac5e91ed0c0, findElement {value=placeYourOrder1, using=name}]
Capabilities {acceptInsecureCerts: false, browserName: chrome, browserVersion: 128.0.6613.113, chrome: {chromedriverVersion: 128.0.6613.86 (3045ed680fda..., userDataDir: C:\Users\hp\AppData\Local\T...}, fedcm:accounts: true, goog:chromeOptions: {debuggerAddress: localhost:58193}, networkConnectionEnabled: false, pageLoadStrategy: normal, platformName: windows, proxy: Proxy(), se:cdp: ws://localhost:58193/devtoo..., se:cdpVersion: 128.0.6613.113, setWindowRect: true, strictFileInteractability: false, timeouts: {implicit: 0, pageLoad: 300000, script: 30000}, unhandledPromptBehavior: dismiss and notify, webauthn:extension:credBlob: true, webauthn:extension:largeBlob: true, webauthn:extension:minPinLength: true, webauthn:extension:prf: true, webauthn:virtualAuthenticators: true}
Session ID: dba9fe4fa2ee3120a7655ac5e91ed0c0
	at java.base/jdk.internal.reflect.NativeConstructorAccessorImpl.newInstance0(Native Method)
	at java.base/jdk.internal.reflect.NativeConstructorAccessorImpl.newInstance(NativeConstructorAccessorImpl.java:77)
	at java.base/jdk.internal.reflect.DelegatingConstructorAccessorImpl.newInstance(DelegatingConstructorAccessorImpl.java:45)
	at java.base/java.lang.reflect.Constructor.newInstanceWithCaller(Constructor.java:499)
	at java.base/java.lang.reflect.Constructor.newInstance(Constructor.java:480)
	at org.openqa.selenium.remote.ErrorCodec.decode(ErrorCodec.java:167)
	at org.openqa.selenium.remote.codec.w3c.W3CHttpResponseCodec.decode(W3CHttpResponseCodec.java:138)
	at org.openqa.selenium.remote.codec.w3c.W3CHttpResponseCodec.decode(W3CHttpResponseCodec.java:50)
	at org.openqa.selenium.remote.HttpCommandExecutor.execute(HttpCommandExecutor.java:190)
	at org.openqa.selenium.remote.service.DriverCommandExecutor.invokeExecute(DriverCommandExecutor.java:216)
	at org.openqa.selenium.remote.service.DriverCommandExecutor.execute(DriverCommandExecutor.java:174)
	at org.openqa.selenium.remote.RemoteWebDriver.execute(RemoteWebDriver.java:518)
	at org.openqa.selenium.remote.ElementLocation$ElementFinder$2.findElement(ElementLocation.java:165)
	at org.openqa.selenium.remote.ElementLocation.findElement(ElementLocation.java:59)
	at org.openqa.selenium.remote.RemoteWebDriver.findElement(RemoteWebDriver.java:355)
	at org.openqa.selenium.remote.RemoteWebDriver.findElement(RemoteWebDriver.java:349)
	at Amazon_Project_01.Checkout_process_Testcase.remove_item_from_cart(Checkout_process_Testcase.java:67)
	at java.base/jdk.internal.reflect.NativeMethodAccessorImpl.invoke0(Native Method)
	at java.base/jdk.internal.reflect.NativeMethodAccessorImpl.invoke(NativeMethodAccessorImpl.java:77)
	at java.base/jdk.internal.reflect.DelegatingMethodAccessorImpl.invoke(DelegatingMethodAccessorImpl.java:43)
	at java.base/java.lang.reflect.Method.invoke(Method.java:568)
	at org.testng.internal.MethodInvocationHelper.invokeMethod(MethodInvocationHelper.java:133)
	at org.testng.internal.TestInvoker.invokeMethod(TestInvoker.java:598)
	at org.testng.internal.TestInvoker.invokeTestMethod(TestInvoker.java:173)
	at org.testng.internal.MethodRunner.runInSequence(MethodRunner.java:46)
	at org.testng.internal.TestInvoker$MethodInvocationAgent.invoke(TestInvoker.java:824)
	at org.testng.internal.TestInvoker.invokeTestMethods(TestInvoker.java:146)
	at org.testng.internal.TestMethodWorker.invokeTestMethods(TestMethodWorker.java:146)
	at org.testng.internal.TestMethodWorker.run(TestMethodWorker.java:128)
	at java.base/java.util.ArrayList.forEach(ArrayList.java:1511)
	at org.testng.TestRunner.privateRun(TestRunner.java:794)
	at org.testng.TestRunner.run(TestRunner.java:596)
	at org.testng.SuiteRunner.runTest(SuiteRunner.java:377)
	at org.testng.SuiteRunner.runSequentially(SuiteRunner.java:371)
	at org.testng.SuiteRunner.privateRun(SuiteRunner.java:332)
	at org.testng.SuiteRunner.run(SuiteRunner.java:276)
	at org.testng.SuiteRunnerWorker.runSuite(SuiteRunnerWorker.java:53)
	at org.testng.SuiteRunnerWorker.run(SuiteRunnerWorker.java:96)
	at org.testng.TestNG.runSuitesSequentially(TestNG.java:1212)
	at org.testng.TestNG.runSuitesLocally(TestNG.java:1134)
	at org.testng.TestNG.runSuites(TestNG.java:1063)
	at org.testng.TestNG.run(TestNG.java:1031)
	at org.testng.remote.AbstractRemoteTestNG.run(AbstractRemoteTestNG.java:115)
	at org.testng.remote.RemoteTestNG.initAndRun(RemoteTestNG.java:251)
	at org.testng.remote.RemoteTestNG.main(RemoteTestNG.java:77)
</pre></div></td>
<td>56</td>
<td>Amazon_Project_01.Checkout_process_Testcase@7b2bbc3</td></tr>
<tr>
<td title='Amazon_Project_01.Registration_Testcase.Registration_New()'><b>Registration_New</b><br>Test class: Amazon_Project_01.Registration_Testcase<br/>
<a href="#Output-510445648" onClick='toggleBox("Output-510445648", this, "Show output", "Hide output");'>Show output</a>

<a href="#Output-510445648" onClick="toggleAllBoxes();">Show all outputs</a>
<div class='log' id="Output-510445648">
Test case Is Fail<br/>
</div>
</td>
<td><div><pre>org.openqa.selenium.NoSuchElementException: no such element: Unable to locate element: {&quot;method&quot;:&quot;css selector&quot;,&quot;selector&quot;:&quot;#ap_customer_name&quot;}
  (Session info: chrome=128.0.6613.113)
For documentation on this error, please visit: https://www.selenium.dev/documentation/webdriver/troubleshooting/errors#no-such-element-exception
Build info: version: &apos;4.22.0&apos;, revision: &apos;c5f3146703&apos;
System info: os.name: &apos;Windows 11&apos;, os.arch: &apos;amd64&apos;, os.version: &apos;10.0&apos;, java.version: &apos;17.0.9&apos;
Driver info: org.openqa.selenium.chrome.ChromeDriver
Command: [28fd5169761dadfcdb8f3443bc588710, findElement {value=ap_customer_name, using=id}]
Capabilities {acceptInsecureCerts: false, browserName: chrome, browserVersion: 128.0.6613.113, chrome: {chromedriverVersion: 128.0.6613.86 (3045ed680fda..., userDataDir: C:\Users\hp\AppData\Local\T...}, fedcm:accounts: true, goog:chromeOptions: {debuggerAddress: localhost:59148}, networkConnectionEnabled: false, pageLoadStrategy: normal, platformName: windows, proxy: Proxy(), se:cdp: ws://localhost:59148/devtoo..., se:cdpVersion: 128.0.6613.113, setWindowRect: true, strictFileInteractability: false, timeouts: {implicit: 0, pageLoad: 300000, script: 30000}, unhandledPromptBehavior: dismiss and notify, webauthn:extension:credBlob: true, webauthn:extension:largeBlob: true, webauthn:extension:minPinLength: true, webauthn:extension:prf: true, webauthn:virtualAuthenticators: true}
Session ID: 28fd5169761dadfcdb8f3443bc588710
	at org.openqa.selenium.remote.ErrorCodec.decode(ErrorCodec.java:167)
	at org.openqa.selenium.remote.codec.w3c.W3CHttpResponseCodec.decode(W3CHttpResponseCodec.java:138)
	at org.openqa.selenium.remote.codec.w3c.W3CHttpResponseCodec.decode(W3CHttpResponseCodec.java:50)
	at org.openqa.selenium.remote.HttpCommandExecutor.execute(HttpCommandExecutor.java:190)
	at org.openqa.selenium.remote.service.DriverCommandExecutor.invokeExecute(DriverCommandExecutor.java:216)
	at org.openqa.selenium.remote.service.DriverCommandExecutor.execute(DriverCommandExecutor.java:174)
	at org.openqa.selenium.remote.RemoteWebDriver.execute(RemoteWebDriver.java:518)
	at org.openqa.selenium.remote.ElementLocation$ElementFinder$2.findElement(ElementLocation.java:165)
	at org.openqa.selenium.remote.ElementLocation.findElement(ElementLocation.java:59)
	at org.openqa.selenium.remote.RemoteWebDriver.findElement(RemoteWebDriver.java:355)
	at org.openqa.selenium.remote.RemoteWebDriver.findElement(RemoteWebDriver.java:349)
	at org.openqa.selenium.support.pagefactory.DefaultElementLocator.findElement(DefaultElementLocator.java:68)
	at org.openqa.selenium.support.pagefactory.internal.LocatingElementHandler.invoke(LocatingElementHandler.java:38)
	at jdk.proxy2/jdk.proxy2.$Proxy14.sendKeys(Unknown Source)
	at Amazon_Project._01.RegistrationPage.user_name(RegistrationPage.java:35)
	at Amazon_Project_01.Registration_Testcase.Registration_New(Registration_Testcase.java:21)
	at java.base/java.util.ArrayList.forEach(ArrayList.java:1511)
... Removed 32 stack frames</pre></div><a href='#' onClick='toggleBox("stack-trace510445648", this, "Click to show all stack frames", "Click to hide stack frames")'>Click to show all stack frames</a>
<div class='stack-trace' id='stack-trace510445648'><pre>org.openqa.selenium.NoSuchElementException: no such element: Unable to locate element: {&quot;method&quot;:&quot;css selector&quot;,&quot;selector&quot;:&quot;#ap_customer_name&quot;}
  (Session info: chrome=128.0.6613.113)
For documentation on this error, please visit: https://www.selenium.dev/documentation/webdriver/troubleshooting/errors#no-such-element-exception
Build info: version: &apos;4.22.0&apos;, revision: &apos;c5f3146703&apos;
System info: os.name: &apos;Windows 11&apos;, os.arch: &apos;amd64&apos;, os.version: &apos;10.0&apos;, java.version: &apos;17.0.9&apos;
Driver info: org.openqa.selenium.chrome.ChromeDriver
Command: [28fd5169761dadfcdb8f3443bc588710, findElement {value=ap_customer_name, using=id}]
Capabilities {acceptInsecureCerts: false, browserName: chrome, browserVersion: 128.0.6613.113, chrome: {chromedriverVersion: 128.0.6613.86 (3045ed680fda..., userDataDir: C:\Users\hp\AppData\Local\T...}, fedcm:accounts: true, goog:chromeOptions: {debuggerAddress: localhost:59148}, networkConnectionEnabled: false, pageLoadStrategy: normal, platformName: windows, proxy: Proxy(), se:cdp: ws://localhost:59148/devtoo..., se:cdpVersion: 128.0.6613.113, setWindowRect: true, strictFileInteractability: false, timeouts: {implicit: 0, pageLoad: 300000, script: 30000}, unhandledPromptBehavior: dismiss and notify, webauthn:extension:credBlob: true, webauthn:extension:largeBlob: true, webauthn:extension:minPinLength: true, webauthn:extension:prf: true, webauthn:virtualAuthenticators: true}
Session ID: 28fd5169761dadfcdb8f3443bc588710
	at java.base/jdk.internal.reflect.NativeConstructorAccessorImpl.newInstance0(Native Method)
	at java.base/jdk.internal.reflect.NativeConstructorAccessorImpl.newInstance(NativeConstructorAccessorImpl.java:77)
	at java.base/jdk.internal.reflect.DelegatingConstructorAccessorImpl.newInstance(DelegatingConstructorAccessorImpl.java:45)
	at java.base/java.lang.reflect.Constructor.newInstanceWithCaller(Constructor.java:499)
	at java.base/java.lang.reflect.Constructor.newInstance(Constructor.java:480)
	at org.openqa.selenium.remote.ErrorCodec.decode(ErrorCodec.java:167)
	at org.openqa.selenium.remote.codec.w3c.W3CHttpResponseCodec.decode(W3CHttpResponseCodec.java:138)
	at org.openqa.selenium.remote.codec.w3c.W3CHttpResponseCodec.decode(W3CHttpResponseCodec.java:50)
	at org.openqa.selenium.remote.HttpCommandExecutor.execute(HttpCommandExecutor.java:190)
	at org.openqa.selenium.remote.service.DriverCommandExecutor.invokeExecute(DriverCommandExecutor.java:216)
	at org.openqa.selenium.remote.service.DriverCommandExecutor.execute(DriverCommandExecutor.java:174)
	at org.openqa.selenium.remote.RemoteWebDriver.execute(RemoteWebDriver.java:518)
	at org.openqa.selenium.remote.ElementLocation$ElementFinder$2.findElement(ElementLocation.java:165)
	at org.openqa.selenium.remote.ElementLocation.findElement(ElementLocation.java:59)
	at org.openqa.selenium.remote.RemoteWebDriver.findElement(RemoteWebDriver.java:355)
	at org.openqa.selenium.remote.RemoteWebDriver.findElement(RemoteWebDriver.java:349)
	at org.openqa.selenium.support.pagefactory.DefaultElementLocator.findElement(DefaultElementLocator.java:68)
	at org.openqa.selenium.support.pagefactory.internal.LocatingElementHandler.invoke(LocatingElementHandler.java:38)
	at jdk.proxy2/jdk.proxy2.$Proxy14.sendKeys(Unknown Source)
	at Amazon_Project._01.RegistrationPage.user_name(RegistrationPage.java:35)
	at Amazon_Project_01.Registration_Testcase.Registration_New(Registration_Testcase.java:21)
	at java.base/jdk.internal.reflect.NativeMethodAccessorImpl.invoke0(Native Method)
	at java.base/jdk.internal.reflect.NativeMethodAccessorImpl.invoke(NativeMethodAccessorImpl.java:77)
	at java.base/jdk.internal.reflect.DelegatingMethodAccessorImpl.invoke(DelegatingMethodAccessorImpl.java:43)
	at java.base/java.lang.reflect.Method.invoke(Method.java:568)
	at org.testng.internal.MethodInvocationHelper.invokeMethod(MethodInvocationHelper.java:133)
	at org.testng.internal.TestInvoker.invokeMethod(TestInvoker.java:598)
	at org.testng.internal.TestInvoker.invokeTestMethod(TestInvoker.java:173)
	at org.testng.internal.MethodRunner.runInSequence(MethodRunner.java:46)
	at org.testng.internal.TestInvoker$MethodInvocationAgent.invoke(TestInvoker.java:824)
	at org.testng.internal.TestInvoker.invokeTestMethods(TestInvoker.java:146)
	at org.testng.internal.TestMethodWorker.invokeTestMethods(TestMethodWorker.java:146)
	at org.testng.internal.TestMethodWorker.run(TestMethodWorker.java:128)
	at java.base/java.util.ArrayList.forEach(ArrayList.java:1511)
	at org.testng.TestRunner.privateRun(TestRunner.java:794)
	at org.testng.TestRunner.run(TestRunner.java:596)
	at org.testng.SuiteRunner.runTest(SuiteRunner.java:377)
	at org.testng.SuiteRunner.runSequentially(SuiteRunner.java:371)
	at org.testng.SuiteRunner.privateRun(SuiteRunner.java:332)
	at org.testng.SuiteRunner.run(SuiteRunner.java:276)
	at org.testng.SuiteRunnerWorker.runSuite(SuiteRunnerWorker.java:53)
	at org.testng.SuiteRunnerWorker.run(SuiteRunnerWorker.java:96)
	at org.testng.TestNG.runSuitesSequentially(TestNG.java:1212)
	at org.testng.TestNG.runSuitesLocally(TestNG.java:1134)
	at org.testng.TestNG.runSuites(TestNG.java:1063)
	at org.testng.TestNG.run(TestNG.java:1031)
	at org.testng.remote.AbstractRemoteTestNG.run(AbstractRemoteTestNG.java:115)
	at org.testng.remote.RemoteTestNG.initAndRun(RemoteTestNG.java:251)
	at org.testng.remote.RemoteTestNG.main(RemoteTestNG.java:77)
</pre></div></td>
<td>13</td>
<td>Amazon_Project_01.Registration_Testcase@1aafa419</td></tr>
</table><p>
<table width='100%' border='1' class='invocation-passed'>
<tr><td colspan='4' align='center'><b>PASSED TESTS</b></td></tr>
<tr><td><b>Test method</b></td>
<td width="30%"><b>Exception</b></td>
<td width="10%"><b>Time (seconds)</b></td>
<td><b>Instance</b></td>
</tr>
<tr>
<td title='Amazon_Project_01.Edit_Information_Testcase.edit_Info()'><b>edit_Info</b><br>Test class: Amazon_Project_01.Edit_Information_Testcase<br/>
<a href="#Output-1928621590" onClick='toggleBox("Output-1928621590", this, "Show output", "Hide output");'>Show output</a>

<a href="#Output-1928621590" onClick="toggleAllBoxes();">Show all outputs</a>
<div class='log' id="Output-1928621590">
Test case Is pass<br/>
</div>
</td>
<td></td>
<td>11</td>
<td>Amazon_Project_01.Edit_Information_Testcase@5c33f1a9</td></tr>
<tr>
<td title='Amazon_Project_01.Login_With_Valid_Cred_Testcase.login_Success()'><b>login_Success</b><br>Test class: Amazon_Project_01.Login_With_Valid_Cred_Testcase<br/>
<a href="#Output-1582991128" onClick='toggleBox("Output-1582991128", this, "Show output", "Hide output");'>Show output</a>

<a href="#Output-1582991128" onClick="toggleAllBoxes();">Show all outputs</a>
<div class='log' id="Output-1582991128">
Test case Is pass<br/>
</div>
</td>
<td></td>
<td>24</td>
<td>Amazon_Project_01.Login_With_Valid_Cred_Testcase@71d44a3</td></tr>
<tr>
<td title='Amazon_Project_01.Data_Driven_Login_testcase.login_datadriven()'><b>login_datadriven</b><br>Test class: Amazon_Project_01.Data_Driven_Login_testcase<br/>
<a href="#Output-928099543" onClick='toggleBox("Output-928099543", this, "Show output", "Hide output");'>Show output</a>

<a href="#Output-928099543" onClick="toggleAllBoxes();">Show all outputs</a>
<div class='log' id="Output-928099543">
Test case Is pass<br/>
</div>
</td>
<td></td>
<td>10</td>
<td>Amazon_Project_01.Data_Driven_Login_testcase@73a1e9a9</td></tr>
<tr>
<td title='Amazon_Project_01.Product_details_Testcase.Product_Details()'><b>Product_Details</b><br>Test class: Amazon_Project_01.Product_details_Testcase<br/>
<a href="#Output-1078905349" onClick='toggleBox("Output-1078905349", this, "Show output", "Hide output");'>Show output</a>

<a href="#Output-1078905349" onClick="toggleAllBoxes();">Show all outputs</a>
<div class='log' id="Output-1078905349">
Test case Is pass<br/>
</div>
</td>
<td></td>
<td>19</td>
<td>Amazon_Project_01.Product_details_Testcase@4218d6a3</td></tr>
<tr>
<td title='Amazon_Project_01.Removeitemfrom_cart_Testcase.remove_item_from_cart()'><b>remove_item_from_cart</b><br>Test class: Amazon_Project_01.Removeitemfrom_cart_Testcase<br/>
<a href="#Output-911267068" onClick='toggleBox("Output-911267068", this, "Show output", "Hide output");'>Show output</a>

<a href="#Output-911267068" onClick="toggleAllBoxes();">Show all outputs</a>
<div class='log' id="Output-911267068">
Test case Is pass<br/>
</div>
</td>
<td></td>
<td>25</td>
<td>Amazon_Project_01.Removeitemfrom_cart_Testcase@5656be13</td></tr>
<tr>
<td title='Amazon_Project_01.CoupanCode_Apply.remove_item_from_cart()'><b>remove_item_from_cart</b><br>Test class: Amazon_Project_01.CoupanCode_Apply<br/>
<a href="#Output-1798861270" onClick='toggleBox("Output-1798861270", this, "Show output", "Hide output");'>Show output</a>

<a href="#Output-1798861270" onClick="toggleAllBoxes();">Show all outputs</a>
<div class='log' id="Output-1798861270">
Test case Is pass<br/>
</div>
</td>
<td></td>
<td>64</td>
<td>Amazon_Project_01.CoupanCode_Apply@a1153bc</td></tr>
<tr>
<td title='Amazon_Project_01.AddToCart_Testcase.Product_Details()'><b>Product_Details</b><br>Test class: Amazon_Project_01.AddToCart_Testcase<br/>
<a href="#Output-1323996324" onClick='toggleBox("Output-1323996324", this, "Show output", "Hide output");'>Show output</a>

<a href="#Output-1323996324" onClick="toggleAllBoxes();">Show all outputs</a>
<div class='log' id="Output-1323996324">
Test case Is pass<br/>
</div>
</td>
<td></td>
<td>27</td>
<td>Amazon_Project_01.AddToCart_Testcase@14cd1699</td></tr>
<tr>
<td title='Amazon_Project_01.Your_Order_Testcase.Product_Details()'><b>Product_Details</b><br>Test class: Amazon_Project_01.Your_Order_Testcase<br/>
<a href="#Output-2056499811" onClick='toggleBox("Output-2056499811", this, "Show output", "Hide output");'>Show output</a>

<a href="#Output-2056499811" onClick="toggleAllBoxes();">Show all outputs</a>
<div class='log' id="Output-2056499811">
Test case Is pass<br/>
</div>
</td>
<td></td>
<td>10</td>
<td>Amazon_Project_01.Your_Order_Testcase@47eaca72</td></tr>
<tr>
<td title='Amazon_Project_01.Each_Payment_Method_Testcase.remove_item_from_cart()'><b>remove_item_from_cart</b><br>Test class: Amazon_Project_01.Each_Payment_Method_Testcase<br/>
<a href="#Output-186049026" onClick='toggleBox("Output-186049026", this, "Show output", "Hide output");'>Show output</a>

<a href="#Output-186049026" onClick="toggleAllBoxes();">Show all outputs</a>
<div class='log' id="Output-186049026">
Test case Is pass<br/>
</div>
</td>
<td></td>
<td>36</td>
<td>Amazon_Project_01.Each_Payment_Method_Testcase@235834f2</td></tr>
<tr>
<td title='Amazon_Project_01.Login_With_Invalid_Cred_Testcase.login_Fail()'><b>login_Fail</b><br>Test class: Amazon_Project_01.Login_With_Invalid_Cred_Testcase<br/>
<a href="#Output-174999703" onClick='toggleBox("Output-174999703", this, "Show output", "Hide output");'>Show output</a>

<a href="#Output-174999703" onClick="toggleAllBoxes();">Show all outputs</a>
<div class='log' id="Output-174999703">
Test case Is pass<br/>
</div>
</td>
<td></td>
<td>5</td>
<td>Amazon_Project_01.Login_With_Invalid_Cred_Testcase@77888435</td></tr>
<tr>
<td title='Amazon_Project_01.Search_Shoe.search_shoe()'><b>search_shoe</b><br>Test class: Amazon_Project_01.Search_Shoe<br/>
<a href="#Output-1518529528" onClick='toggleBox("Output-1518529528", this, "Show output", "Hide output");'>Show output</a>

<a href="#Output-1518529528" onClick="toggleAllBoxes();">Show all outputs</a>
<div class='log' id="Output-1518529528">
Test case Is pass<br/>
</div>
</td>
<td></td>
<td>15</td>
<td>Amazon_Project_01.Search_Shoe@55141def</td></tr>
<tr>
<td title='Amazon_Project_01.Cart_Without_Login_Testcase.Product_Details()'><b>Product_Details</b><br>Test class: Amazon_Project_01.Cart_Without_Login_Testcase<br/>
<a href="#Output-793483510" onClick='toggleBox("Output-793483510", this, "Show output", "Hide output");'>Show output</a>

<a href="#Output-793483510" onClick="toggleAllBoxes();">Show all outputs</a>
<div class='log' id="Output-793483510">
Test case Is pass<br/>
</div>
</td>
<td></td>
<td>11</td>
<td>Amazon_Project_01.Cart_Without_Login_Testcase@76505305</td></tr>
<tr>
<td title='Amazon_Project_01.Registration_Testcase.login_success()'><b>login_success</b><br>Test class: Amazon_Project_01.Registration_Testcase<br/>
<a href="#Output-521746054" onClick='toggleBox("Output-521746054", this, "Show output", "Hide output");'>Show output</a>

<a href="#Output-521746054" onClick="toggleAllBoxes();">Show all outputs</a>
<div class='log' id="Output-521746054">
Test case Is pass<br/>
</div>
</td>
<td></td>
<td>0</td>
<td>Amazon_Project_01.Registration_Testcase@1aafa419</td></tr>
</table><p>
</body>
</html>